[0.013s] Invoking command in '/home/akshat/projects/arucobot/src/build/arucobot_description': CMAKE_PREFIX_PATH=${CMAKE_PREFIX_PATH}:/opt/ros/humble /usr/bin/cmake --build /home/akshat/projects/arucobot/src/build/arucobot_description -- -j12 -l12
[0.066s] Invoked command in '/home/akshat/projects/arucobot/src/build/arucobot_description' returned '0': CMAKE_PREFIX_PATH=${CMAKE_PREFIX_PATH}:/opt/ros/humble /usr/bin/cmake --build /home/akshat/projects/arucobot/src/build/arucobot_description -- -j12 -l12
[0.089s] Invoking command in '/home/akshat/projects/arucobot/src/build/arucobot_description': CMAKE_PREFIX_PATH=${CMAKE_PREFIX_PATH}:/opt/ros/humble /usr/bin/cmake --install /home/akshat/projects/arucobot/src/build/arucobot_description
[0.093s] -- Install configuration: ""
[0.093s] -- Execute custom install script
[0.094s] -- Up-to-date symlink: /home/akshat/projects/arucobot/src/install/arucobot_description/share/arucobot_description/config/display.rviz
[0.094s] -- Up-to-date symlink: /home/akshat/projects/arucobot/src/install/arucobot_description/share/arucobot_description/config/gz_bridge.yaml
[0.094s] -- Up-to-date symlink: /home/akshat/projects/arucobot/src/install/arucobot_description/share/arucobot_description/launch/arucobot.launch.py
[0.095s] -- Up-to-date symlink: /home/akshat/projects/arucobot/src/install/arucobot_description/share/arucobot_description/launch/robot.launch.py
[0.095s] -- Up-to-date symlink: /home/akshat/projects/arucobot/src/install/arucobot_description/share/arucobot_description/urdf/gazebo_control.xacro
[0.095s] -- Up-to-date symlink: /home/akshat/projects/arucobot/src/install/arucobot_description/share/arucobot_description/urdf/inertial_macros.xacro
[0.096s] -- Up-to-date symlink: /home/akshat/projects/arucobot/src/install/arucobot_description/share/arucobot_description/urdf/robot.urdf.xacro
[0.096s] -- Up-to-date symlink: /home/akshat/projects/arucobot/src/install/arucobot_description/share/arucobot_description/urdf/robot_core.xacro
[0.096s] -- Up-to-date symlink: /home/akshat/projects/arucobot/src/install/arucobot_description/share/ament_index/resource_index/package_run_dependencies/arucobot_description
[0.096s] -- Up-to-date symlink: /home/akshat/projects/arucobot/src/install/arucobot_description/share/ament_index/resource_index/parent_prefix_path/arucobot_description
[0.097s] -- Up-to-date symlink: /home/akshat/projects/arucobot/src/install/arucobot_description/share/arucobot_description/environment/ament_prefix_path.sh
[0.097s] -- Up-to-date symlink: /home/akshat/projects/arucobot/src/install/arucobot_description/share/arucobot_description/environment/ament_prefix_path.dsv
[0.097s] -- Up-to-date symlink: /home/akshat/projects/arucobot/src/install/arucobot_description/share/arucobot_description/environment/path.sh
[0.098s] -- Up-to-date symlink: /home/akshat/projects/arucobot/src/install/arucobot_description/share/arucobot_description/environment/path.dsv
[0.098s] -- Up-to-date symlink: /home/akshat/projects/arucobot/src/install/arucobot_description/share/arucobot_description/local_setup.bash
[0.098s] -- Up-to-date symlink: /home/akshat/projects/arucobot/src/install/arucobot_description/share/arucobot_description/local_setup.sh
[0.098s] -- Up-to-date symlink: /home/akshat/projects/arucobot/src/install/arucobot_description/share/arucobot_description/local_setup.zsh
[0.099s] -- Up-to-date symlink: /home/akshat/projects/arucobot/src/install/arucobot_description/share/arucobot_description/local_setup.dsv
[0.099s] -- Symlinking: /home/akshat/projects/arucobot/src/install/arucobot_description/share/arucobot_description/package.dsv
[0.105s] -- Up-to-date symlink: /home/akshat/projects/arucobot/src/install/arucobot_description/share/ament_index/resource_index/packages/arucobot_description
[0.105s] -- Up-to-date symlink: /home/akshat/projects/arucobot/src/install/arucobot_description/share/arucobot_description/cmake/arucobot_descriptionConfig.cmake
[0.105s] -- Up-to-date symlink: /home/akshat/projects/arucobot/src/install/arucobot_description/share/arucobot_description/cmake/arucobot_descriptionConfig-version.cmake
[0.106s] -- Up-to-date symlink: /home/akshat/projects/arucobot/src/install/arucobot_description/share/arucobot_description/package.xml
[0.108s] Invoked command in '/home/akshat/projects/arucobot/src/build/arucobot_description' returned '0': CMAKE_PREFIX_PATH=${CMAKE_PREFIX_PATH}:/opt/ros/humble /usr/bin/cmake --install /home/akshat/projects/arucobot/src/build/arucobot_description
