[0.257s] DEBUG:colcon:Command line arguments: ['/usr/bin/colcon', 'build', '--symlink-install']
[0.257s] DEBUG:colcon:Parsed command line arguments: Namespace(log_base=None, log_level=None, verb_name='build', build_base='build', install_base='install', merge_install=False, symlink_install=True, test_result_base=None, continue_on_error=False, executor='parallel', parallel_workers=12, event_handlers=None, ignore_user_meta=False, metas=['./colcon.meta'], base_paths=['.'], packages_ignore=None, packages_ignore_regex=None, paths=None, packages_up_to=None, packages_up_to_regex=None, packages_above=None, packages_above_and_dependencies=None, packages_above_depth=None, packages_select_by_dep=None, packages_skip_by_dep=None, packages_skip_up_to=None, packages_select_build_failed=False, packages_skip_build_finished=False, packages_select_test_failures=False, packages_skip_test_passed=False, packages_select=None, packages_skip=None, packages_select_regex=None, packages_skip_regex=None, packages_start=None, packages_end=None, allow_overriding=[], cmake_args=None, cmake_target=None, cmake_target_skip_unavailable=False, cmake_clean_cache=False, cmake_clean_first=False, cmake_force_configure=False, ament_cmake_args=None, catkin_cmake_args=None, catkin_skip_building_tests=False, mixin_files=None, mixin=None, verb_parser=<colcon_mixin.mixin.mixin_argument.MixinArgumentDecorator object at 0x79e9d25915a0>, verb_extension=<colcon_core.verb.build.BuildVerb object at 0x79e9d25910f0>, main=<bound method BuildVerb.main of <colcon_core.verb.build.BuildVerb object at 0x79e9d25910f0>>, mixin_verb=('build',))
[0.580s] Level 1:colcon.colcon_core.package_discovery:discover_packages(colcon_meta) check parameters
[0.580s] Level 1:colcon.colcon_core.package_discovery:discover_packages(recursive) check parameters
[0.580s] Level 1:colcon.colcon_core.package_discovery:discover_packages(ignore) check parameters
[0.580s] Level 1:colcon.colcon_core.package_discovery:discover_packages(path) check parameters
[0.580s] Level 1:colcon.colcon_core.package_discovery:discover_packages(colcon_meta) discover
[0.580s] Level 1:colcon.colcon_core.package_discovery:discover_packages(recursive) discover
[0.580s] INFO:colcon.colcon_core.package_discovery:Crawling recursively for packages in '/home/akshat/projects/arucobot/src'
[0.580s] Level 1:colcon.colcon_core.package_identification:_identify(.) by extensions ['ignore', 'ignore_ament_install']
[0.580s] Level 1:colcon.colcon_core.package_identification:_identify(.) by extension 'ignore'
[0.580s] Level 1:colcon.colcon_core.package_identification:_identify(.) by extension 'ignore_ament_install'
[0.580s] Level 1:colcon.colcon_core.package_identification:_identify(.) by extensions ['colcon_pkg']
[0.580s] Level 1:colcon.colcon_core.package_identification:_identify(.) by extension 'colcon_pkg'
[0.580s] Level 1:colcon.colcon_core.package_identification:_identify(.) by extensions ['colcon_meta']
[0.580s] Level 1:colcon.colcon_core.package_identification:_identify(.) by extension 'colcon_meta'
[0.580s] Level 1:colcon.colcon_core.package_identification:_identify(.) by extensions ['ros']
[0.580s] Level 1:colcon.colcon_core.package_identification:_identify(.) by extension 'ros'
[0.594s] Level 1:colcon.colcon_core.package_identification:_identify(.) by extensions ['cmake', 'python']
[0.594s] Level 1:colcon.colcon_core.package_identification:_identify(.) by extension 'cmake'
[0.594s] Level 1:colcon.colcon_core.package_identification:_identify(.) by extension 'python'
[0.594s] Level 1:colcon.colcon_core.package_identification:_identify(.) by extensions ['python_setup_py']
[0.594s] Level 1:colcon.colcon_core.package_identification:_identify(.) by extension 'python_setup_py'
[0.594s] Level 1:colcon.colcon_core.package_identification:_identify(arucobot_description) by extensions ['ignore', 'ignore_ament_install']
[0.594s] Level 1:colcon.colcon_core.package_identification:_identify(arucobot_description) by extension 'ignore'
[0.594s] Level 1:colcon.colcon_core.package_identification:_identify(arucobot_description) by extension 'ignore_ament_install'
[0.594s] Level 1:colcon.colcon_core.package_identification:_identify(arucobot_description) by extensions ['colcon_pkg']
[0.594s] Level 1:colcon.colcon_core.package_identification:_identify(arucobot_description) by extension 'colcon_pkg'
[0.594s] Level 1:colcon.colcon_core.package_identification:_identify(arucobot_description) by extensions ['colcon_meta']
[0.594s] Level 1:colcon.colcon_core.package_identification:_identify(arucobot_description) by extension 'colcon_meta'
[0.594s] Level 1:colcon.colcon_core.package_identification:_identify(arucobot_description) by extensions ['ros']
[0.595s] Level 1:colcon.colcon_core.package_identification:_identify(arucobot_description) by extension 'ros'
[0.598s] DEBUG:colcon.colcon_core.package_identification:Package 'arucobot_description' with type 'ros.ament_cmake' and name 'arucobot_description'
[0.598s] Level 1:colcon.colcon_core.package_identification:_identify(build) by extensions ['ignore', 'ignore_ament_install']
[0.598s] Level 1:colcon.colcon_core.package_identification:_identify(build) by extension 'ignore'
[0.598s] Level 1:colcon.colcon_core.package_identification:_identify(build) ignored
[0.598s] Level 1:colcon.colcon_core.package_identification:_identify(install) by extensions ['ignore', 'ignore_ament_install']
[0.598s] Level 1:colcon.colcon_core.package_identification:_identify(install) by extension 'ignore'
[0.598s] Level 1:colcon.colcon_core.package_identification:_identify(install) ignored
[0.598s] Level 1:colcon.colcon_core.package_identification:_identify(log) by extensions ['ignore', 'ignore_ament_install']
[0.598s] Level 1:colcon.colcon_core.package_identification:_identify(log) by extension 'ignore'
[0.598s] Level 1:colcon.colcon_core.package_identification:_identify(log) ignored
[0.598s] Level 1:colcon.colcon_core.package_discovery:discover_packages(recursive) using defaults
[0.598s] Level 1:colcon.colcon_core.package_discovery:discover_packages(ignore) discover
[0.598s] Level 1:colcon.colcon_core.package_discovery:discover_packages(ignore) using defaults
[0.598s] Level 1:colcon.colcon_core.package_discovery:discover_packages(path) discover
[0.598s] Level 1:colcon.colcon_core.package_discovery:discover_packages(path) using defaults
[0.646s] Level 1:colcon.colcon_core.package_discovery:discover_packages(prefix_path) check parameters
[0.646s] Level 1:colcon.colcon_core.package_discovery:discover_packages(prefix_path) discover
[0.649s] DEBUG:colcon.colcon_installed_package_information.package_discovery:Found 1 installed packages in /home/akshat/projects/arucobot/install
[0.652s] DEBUG:colcon.colcon_installed_package_information.package_discovery:Found 401 installed packages in /opt/ros/humble
[0.653s] Level 1:colcon.colcon_core.package_discovery:discover_packages(prefix_path) using defaults
[0.730s] Level 5:colcon.colcon_core.verb:set package 'arucobot_description' build argument 'cmake_args' from command line to 'None'
[0.730s] Level 5:colcon.colcon_core.verb:set package 'arucobot_description' build argument 'cmake_target' from command line to 'None'
[0.730s] Level 5:colcon.colcon_core.verb:set package 'arucobot_description' build argument 'cmake_target_skip_unavailable' from command line to 'False'
[0.730s] Level 5:colcon.colcon_core.verb:set package 'arucobot_description' build argument 'cmake_clean_cache' from command line to 'False'
[0.730s] Level 5:colcon.colcon_core.verb:set package 'arucobot_description' build argument 'cmake_clean_first' from command line to 'False'
[0.730s] Level 5:colcon.colcon_core.verb:set package 'arucobot_description' build argument 'cmake_force_configure' from command line to 'False'
[0.730s] Level 5:colcon.colcon_core.verb:set package 'arucobot_description' build argument 'ament_cmake_args' from command line to 'None'
[0.730s] Level 5:colcon.colcon_core.verb:set package 'arucobot_description' build argument 'catkin_cmake_args' from command line to 'None'
[0.730s] Level 5:colcon.colcon_core.verb:set package 'arucobot_description' build argument 'catkin_skip_building_tests' from command line to 'False'
[0.730s] DEBUG:colcon.colcon_core.verb:Building package 'arucobot_description' with the following arguments: {'ament_cmake_args': None, 'build_base': '/home/akshat/projects/arucobot/src/build/arucobot_description', 'catkin_cmake_args': None, 'catkin_skip_building_tests': False, 'cmake_args': None, 'cmake_clean_cache': False, 'cmake_clean_first': False, 'cmake_force_configure': False, 'cmake_target': None, 'cmake_target_skip_unavailable': False, 'install_base': '/home/akshat/projects/arucobot/src/install/arucobot_description', 'merge_install': False, 'path': '/home/akshat/projects/arucobot/src/arucobot_description', 'symlink_install': True, 'test_result_base': None}
[0.730s] INFO:colcon.colcon_core.executor:Executing jobs using 'parallel' executor
[0.731s] DEBUG:colcon.colcon_parallel_executor.executor.parallel:run_until_complete
[0.732s] INFO:colcon.colcon_ros.task.ament_cmake.build:Building ROS package in '/home/akshat/projects/arucobot/src/arucobot_description' with build type 'ament_cmake'
[0.732s] INFO:colcon.colcon_cmake.task.cmake.build:Building CMake package in '/home/akshat/projects/arucobot/src/arucobot_description'
[0.735s] INFO:colcon.colcon_core.plugin_system:Skipping extension 'colcon_core.shell.bat': Not used on non-Windows systems
[0.735s] INFO:colcon.colcon_core.shell:Skip shell extension 'powershell' for command environment: Not usable outside of PowerShell
[0.735s] DEBUG:colcon.colcon_core.shell:Skip shell extension 'dsv' for command environment
[0.745s] DEBUG:colcon.colcon_core.event_handler.log_command:Invoking command in '/home/akshat/projects/arucobot/src/build/arucobot_description': CMAKE_PREFIX_PATH=${CMAKE_PREFIX_PATH}:/opt/ros/humble /usr/bin/cmake /home/akshat/projects/arucobot/src/arucobot_description -DAMENT_CMAKE_SYMLINK_INSTALL=1 -DCMAKE_INSTALL_PREFIX=/home/akshat/projects/arucobot/src/install/arucobot_description
[1.472s] DEBUG:colcon.colcon_core.event_handler.log_command:Invoked command in '/home/akshat/projects/arucobot/src/build/arucobot_description' returned '0': CMAKE_PREFIX_PATH=${CMAKE_PREFIX_PATH}:/opt/ros/humble /usr/bin/cmake /home/akshat/projects/arucobot/src/arucobot_description -DAMENT_CMAKE_SYMLINK_INSTALL=1 -DCMAKE_INSTALL_PREFIX=/home/akshat/projects/arucobot/src/install/arucobot_description
[1.474s] DEBUG:colcon.colcon_core.event_handler.log_command:Invoking command in '/home/akshat/projects/arucobot/src/build/arucobot_description': CMAKE_PREFIX_PATH=${CMAKE_PREFIX_PATH}:/opt/ros/humble /usr/bin/cmake --build /home/akshat/projects/arucobot/src/build/arucobot_description -- -j12 -l12
[1.495s] DEBUG:colcon.colcon_core.event_handler.log_command:Invoked command in '/home/akshat/projects/arucobot/src/build/arucobot_description' returned '0': CMAKE_PREFIX_PATH=${CMAKE_PREFIX_PATH}:/opt/ros/humble /usr/bin/cmake --build /home/akshat/projects/arucobot/src/build/arucobot_description -- -j12 -l12
[1.519s] DEBUG:colcon.colcon_core.event_handler.log_command:Invoking command in '/home/akshat/projects/arucobot/src/build/arucobot_description': CMAKE_PREFIX_PATH=${CMAKE_PREFIX_PATH}:/opt/ros/humble /usr/bin/cmake --install /home/akshat/projects/arucobot/src/build/arucobot_description
[1.635s] Level 1:colcon.colcon_core.environment:create_environment_scripts_only(arucobot_description)
[1.635s] DEBUG:colcon.colcon_core.event_handler.log_command:Invoked command in '/home/akshat/projects/arucobot/src/build/arucobot_description' returned '0': CMAKE_PREFIX_PATH=${CMAKE_PREFIX_PATH}:/opt/ros/humble /usr/bin/cmake --install /home/akshat/projects/arucobot/src/build/arucobot_description
[1.639s] Level 1:colcon.colcon_core.environment:checking '/home/akshat/projects/arucobot/src/install/arucobot_description' for CMake module files
[1.640s] Level 1:colcon.colcon_core.environment:checking '/home/akshat/projects/arucobot/src/install/arucobot_description' for CMake config files
[1.640s] Level 1:colcon.colcon_core.shell:create_environment_hook('arucobot_description', 'cmake_prefix_path')
[1.640s] INFO:colcon.colcon_core.shell:Creating environment hook '/home/akshat/projects/arucobot/src/install/arucobot_description/share/arucobot_description/hook/cmake_prefix_path.ps1'
[1.641s] INFO:colcon.colcon_core.shell:Creating environment descriptor '/home/akshat/projects/arucobot/src/install/arucobot_description/share/arucobot_description/hook/cmake_prefix_path.dsv'
[1.641s] INFO:colcon.colcon_core.shell:Creating environment hook '/home/akshat/projects/arucobot/src/install/arucobot_description/share/arucobot_description/hook/cmake_prefix_path.sh'
[1.642s] Level 1:colcon.colcon_core.environment:checking '/home/akshat/projects/arucobot/src/install/arucobot_description/bin'
[1.642s] Level 1:colcon.colcon_core.environment:checking '/home/akshat/projects/arucobot/src/install/arucobot_description/lib/pkgconfig/arucobot_description.pc'
[1.642s] Level 1:colcon.colcon_core.environment:checking '/home/akshat/projects/arucobot/src/install/arucobot_description/lib/python3.10/site-packages'
[1.642s] Level 1:colcon.colcon_core.environment:checking '/home/akshat/projects/arucobot/src/install/arucobot_description/bin'
[1.643s] INFO:colcon.colcon_core.shell:Creating package script '/home/akshat/projects/arucobot/src/install/arucobot_description/share/arucobot_description/package.ps1'
[1.643s] INFO:colcon.colcon_core.shell:Creating package descriptor '/home/akshat/projects/arucobot/src/install/arucobot_description/share/arucobot_description/package.dsv'
[1.644s] INFO:colcon.colcon_core.shell:Creating package script '/home/akshat/projects/arucobot/src/install/arucobot_description/share/arucobot_description/package.sh'
[1.644s] INFO:colcon.colcon_core.shell:Creating package script '/home/akshat/projects/arucobot/src/install/arucobot_description/share/arucobot_description/package.bash'
[1.645s] INFO:colcon.colcon_core.shell:Creating package script '/home/akshat/projects/arucobot/src/install/arucobot_description/share/arucobot_description/package.zsh'
[1.646s] Level 1:colcon.colcon_core.environment:create_file_with_runtime_dependencies(/home/akshat/projects/arucobot/src/install/arucobot_description/share/colcon-core/packages/arucobot_description)
[1.667s] Level 1:colcon.colcon_core.environment:create_environment_scripts_only(arucobot_description)
[1.667s] Level 1:colcon.colcon_core.environment:checking '/home/akshat/projects/arucobot/src/install/arucobot_description' for CMake module files
[1.668s] Level 1:colcon.colcon_core.environment:checking '/home/akshat/projects/arucobot/src/install/arucobot_description' for CMake config files
[1.669s] Level 1:colcon.colcon_core.shell:create_environment_hook('arucobot_description', 'cmake_prefix_path')
[1.669s] INFO:colcon.colcon_core.shell:Creating environment hook '/home/akshat/projects/arucobot/src/install/arucobot_description/share/arucobot_description/hook/cmake_prefix_path.ps1'
[1.669s] INFO:colcon.colcon_core.shell:Creating environment descriptor '/home/akshat/projects/arucobot/src/install/arucobot_description/share/arucobot_description/hook/cmake_prefix_path.dsv'
[1.670s] INFO:colcon.colcon_core.shell:Creating environment hook '/home/akshat/projects/arucobot/src/install/arucobot_description/share/arucobot_description/hook/cmake_prefix_path.sh'
[1.670s] Level 1:colcon.colcon_core.environment:checking '/home/akshat/projects/arucobot/src/install/arucobot_description/bin'
[1.670s] Level 1:colcon.colcon_core.environment:checking '/home/akshat/projects/arucobot/src/install/arucobot_description/lib/pkgconfig/arucobot_description.pc'
[1.670s] Level 1:colcon.colcon_core.environment:checking '/home/akshat/projects/arucobot/src/install/arucobot_description/lib/python3.10/site-packages'
[1.670s] Level 1:colcon.colcon_core.environment:checking '/home/akshat/projects/arucobot/src/install/arucobot_description/bin'
[1.671s] INFO:colcon.colcon_core.shell:Creating package script '/home/akshat/projects/arucobot/src/install/arucobot_description/share/arucobot_description/package.ps1'
[1.671s] INFO:colcon.colcon_core.shell:Creating package descriptor '/home/akshat/projects/arucobot/src/install/arucobot_description/share/arucobot_description/package.dsv'
[1.671s] INFO:colcon.colcon_core.shell:Creating package script '/home/akshat/projects/arucobot/src/install/arucobot_description/share/arucobot_description/package.sh'
[1.672s] INFO:colcon.colcon_core.shell:Creating package script '/home/akshat/projects/arucobot/src/install/arucobot_description/share/arucobot_description/package.bash'
[1.672s] INFO:colcon.colcon_core.shell:Creating package script '/home/akshat/projects/arucobot/src/install/arucobot_description/share/arucobot_description/package.zsh'
[1.672s] Level 1:colcon.colcon_core.environment:create_file_with_runtime_dependencies(/home/akshat/projects/arucobot/src/install/arucobot_description/share/colcon-core/packages/arucobot_description)
[1.672s] DEBUG:colcon.colcon_parallel_executor.executor.parallel:closing loop
[1.672s] DEBUG:colcon.colcon_parallel_executor.executor.parallel:loop closed
[1.672s] DEBUG:colcon.colcon_parallel_executor.executor.parallel:run_until_complete finished with '0'
[1.672s] DEBUG:colcon.colcon_core.event_reactor:joining thread
[1.682s] INFO:colcon.colcon_core.plugin_system:Skipping extension 'colcon_notification.desktop_notification.terminal_notifier': Not used on non-Darwin systems
[1.682s] INFO:colcon.colcon_core.plugin_system:Skipping extension 'colcon_notification.desktop_notification.win32': Not used on non-Windows systems
[1.682s] INFO:colcon.colcon_notification.desktop_notification:Sending desktop notification using 'notify2'
[1.695s] DEBUG:colcon.colcon_core.event_reactor:joined thread
[1.696s] INFO:colcon.colcon_core.shell:Creating prefix script '/home/akshat/projects/arucobot/src/install/local_setup.ps1'
[1.698s] INFO:colcon.colcon_core.shell:Creating prefix util module '/home/akshat/projects/arucobot/src/install/_local_setup_util_ps1.py'
[1.699s] INFO:colcon.colcon_core.shell:Creating prefix chain script '/home/akshat/projects/arucobot/src/install/setup.ps1'
[1.700s] INFO:colcon.colcon_core.shell:Creating prefix script '/home/akshat/projects/arucobot/src/install/local_setup.sh'
[1.701s] INFO:colcon.colcon_core.shell:Creating prefix util module '/home/akshat/projects/arucobot/src/install/_local_setup_util_sh.py'
[1.701s] INFO:colcon.colcon_core.shell:Creating prefix chain script '/home/akshat/projects/arucobot/src/install/setup.sh'
[1.702s] INFO:colcon.colcon_core.shell:Creating prefix script '/home/akshat/projects/arucobot/src/install/local_setup.bash'
[1.702s] INFO:colcon.colcon_core.shell:Creating prefix chain script '/home/akshat/projects/arucobot/src/install/setup.bash'
[1.703s] INFO:colcon.colcon_core.shell:Creating prefix script '/home/akshat/projects/arucobot/src/install/local_setup.zsh'
[1.704s] INFO:colcon.colcon_core.shell:Creating prefix chain script '/home/akshat/projects/arucobot/src/install/setup.zsh'
