[0.337s] DEBUG:colcon:Command line arguments: ['/usr/bin/colcon', 'build', '--symlink-install']
[0.337s] DEBUG:colcon:Parsed command line arguments: Namespace(log_base=None, log_level=None, verb_name='build', build_base='build', install_base='install', merge_install=False, symlink_install=True, test_result_base=None, continue_on_error=False, executor='parallel', parallel_workers=12, event_handlers=None, ignore_user_meta=False, metas=['./colcon.meta'], base_paths=['.'], packages_ignore=None, packages_ignore_regex=None, paths=None, packages_up_to=None, packages_up_to_regex=None, packages_above=None, packages_above_and_dependencies=None, packages_above_depth=None, packages_select_by_dep=None, packages_skip_by_dep=None, packages_skip_up_to=None, packages_select_build_failed=False, packages_skip_build_finished=False, packages_select_test_failures=False, packages_skip_test_passed=False, packages_select=None, packages_skip=None, packages_select_regex=None, packages_skip_regex=None, packages_start=None, packages_end=None, allow_overriding=[], cmake_args=None, cmake_target=None, cmake_target_skip_unavailable=False, cmake_clean_cache=False, cmake_clean_first=False, cmake_force_configure=False, ament_cmake_args=None, catkin_cmake_args=None, catkin_skip_building_tests=False, mixin_files=None, mixin=None, verb_parser=<colcon_mixin.mixin.mixin_argument.MixinArgumentDecorator object at 0x735d7b18d5a0>, verb_extension=<colcon_core.verb.build.BuildVerb object at 0x735d7b18d0f0>, main=<bound method BuildVerb.main of <colcon_core.verb.build.BuildVerb object at 0x735d7b18d0f0>>, mixin_verb=('build',))
[0.657s] Level 1:colcon.colcon_core.package_discovery:discover_packages(colcon_meta) check parameters
[0.657s] Level 1:colcon.colcon_core.package_discovery:discover_packages(recursive) check parameters
[0.658s] Level 1:colcon.colcon_core.package_discovery:discover_packages(ignore) check parameters
[0.658s] Level 1:colcon.colcon_core.package_discovery:discover_packages(path) check parameters
[0.658s] Level 1:colcon.colcon_core.package_discovery:discover_packages(colcon_meta) discover
[0.658s] Level 1:colcon.colcon_core.package_discovery:discover_packages(recursive) discover
[0.658s] INFO:colcon.colcon_core.package_discovery:Crawling recursively for packages in '/home/akshat/projects/arucobot/src'
[0.658s] Level 1:colcon.colcon_core.package_identification:_identify(.) by extensions ['ignore', 'ignore_ament_install']
[0.658s] Level 1:colcon.colcon_core.package_identification:_identify(.) by extension 'ignore'
[0.658s] Level 1:colcon.colcon_core.package_identification:_identify(.) by extension 'ignore_ament_install'
[0.658s] Level 1:colcon.colcon_core.package_identification:_identify(.) by extensions ['colcon_pkg']
[0.658s] Level 1:colcon.colcon_core.package_identification:_identify(.) by extension 'colcon_pkg'
[0.658s] Level 1:colcon.colcon_core.package_identification:_identify(.) by extensions ['colcon_meta']
[0.658s] Level 1:colcon.colcon_core.package_identification:_identify(.) by extension 'colcon_meta'
[0.658s] Level 1:colcon.colcon_core.package_identification:_identify(.) by extensions ['ros']
[0.658s] Level 1:colcon.colcon_core.package_identification:_identify(.) by extension 'ros'
[0.670s] Level 1:colcon.colcon_core.package_identification:_identify(.) by extensions ['cmake', 'python']
[0.670s] Level 1:colcon.colcon_core.package_identification:_identify(.) by extension 'cmake'
[0.670s] Level 1:colcon.colcon_core.package_identification:_identify(.) by extension 'python'
[0.670s] Level 1:colcon.colcon_core.package_identification:_identify(.) by extensions ['python_setup_py']
[0.670s] Level 1:colcon.colcon_core.package_identification:_identify(.) by extension 'python_setup_py'
[0.670s] Level 1:colcon.colcon_core.package_identification:_identify(arucobot_description) by extensions ['ignore', 'ignore_ament_install']
[0.670s] Level 1:colcon.colcon_core.package_identification:_identify(arucobot_description) by extension 'ignore'
[0.671s] Level 1:colcon.colcon_core.package_identification:_identify(arucobot_description) by extension 'ignore_ament_install'
[0.671s] Level 1:colcon.colcon_core.package_identification:_identify(arucobot_description) by extensions ['colcon_pkg']
[0.671s] Level 1:colcon.colcon_core.package_identification:_identify(arucobot_description) by extension 'colcon_pkg'
[0.671s] Level 1:colcon.colcon_core.package_identification:_identify(arucobot_description) by extensions ['colcon_meta']
[0.671s] Level 1:colcon.colcon_core.package_identification:_identify(arucobot_description) by extension 'colcon_meta'
[0.671s] Level 1:colcon.colcon_core.package_identification:_identify(arucobot_description) by extensions ['ros']
[0.671s] Level 1:colcon.colcon_core.package_identification:_identify(arucobot_description) by extension 'ros'
[0.673s] DEBUG:colcon.colcon_core.package_identification:Package 'arucobot_description' with type 'ros.ament_cmake' and name 'arucobot_description'
[0.674s] Level 1:colcon.colcon_core.package_identification:_identify(build) by extensions ['ignore', 'ignore_ament_install']
[0.674s] Level 1:colcon.colcon_core.package_identification:_identify(build) by extension 'ignore'
[0.674s] Level 1:colcon.colcon_core.package_identification:_identify(build) ignored
[0.674s] Level 1:colcon.colcon_core.package_identification:_identify(install) by extensions ['ignore', 'ignore_ament_install']
[0.674s] Level 1:colcon.colcon_core.package_identification:_identify(install) by extension 'ignore'
[0.674s] Level 1:colcon.colcon_core.package_identification:_identify(install) ignored
[0.674s] Level 1:colcon.colcon_core.package_identification:_identify(log) by extensions ['ignore', 'ignore_ament_install']
[0.674s] Level 1:colcon.colcon_core.package_identification:_identify(log) by extension 'ignore'
[0.674s] Level 1:colcon.colcon_core.package_identification:_identify(log) ignored
[0.674s] Level 1:colcon.colcon_core.package_discovery:discover_packages(recursive) using defaults
[0.674s] Level 1:colcon.colcon_core.package_discovery:discover_packages(ignore) discover
[0.674s] Level 1:colcon.colcon_core.package_discovery:discover_packages(ignore) using defaults
[0.674s] Level 1:colcon.colcon_core.package_discovery:discover_packages(path) discover
[0.674s] Level 1:colcon.colcon_core.package_discovery:discover_packages(path) using defaults
[0.712s] Level 1:colcon.colcon_core.package_discovery:discover_packages(prefix_path) check parameters
[0.712s] Level 1:colcon.colcon_core.package_discovery:discover_packages(prefix_path) discover
[0.716s] DEBUG:colcon.colcon_installed_package_information.package_discovery:Found 1 installed packages in /home/akshat/projects/arucobot/install
[0.719s] DEBUG:colcon.colcon_installed_package_information.package_discovery:Found 401 installed packages in /opt/ros/humble
[0.721s] Level 1:colcon.colcon_core.package_discovery:discover_packages(prefix_path) using defaults
[0.801s] Level 5:colcon.colcon_core.verb:set package 'arucobot_description' build argument 'cmake_args' from command line to 'None'
[0.801s] Level 5:colcon.colcon_core.verb:set package 'arucobot_description' build argument 'cmake_target' from command line to 'None'
[0.801s] Level 5:colcon.colcon_core.verb:set package 'arucobot_description' build argument 'cmake_target_skip_unavailable' from command line to 'False'
[0.801s] Level 5:colcon.colcon_core.verb:set package 'arucobot_description' build argument 'cmake_clean_cache' from command line to 'False'
[0.801s] Level 5:colcon.colcon_core.verb:set package 'arucobot_description' build argument 'cmake_clean_first' from command line to 'False'
[0.801s] Level 5:colcon.colcon_core.verb:set package 'arucobot_description' build argument 'cmake_force_configure' from command line to 'False'
[0.801s] Level 5:colcon.colcon_core.verb:set package 'arucobot_description' build argument 'ament_cmake_args' from command line to 'None'
[0.801s] Level 5:colcon.colcon_core.verb:set package 'arucobot_description' build argument 'catkin_cmake_args' from command line to 'None'
[0.801s] Level 5:colcon.colcon_core.verb:set package 'arucobot_description' build argument 'catkin_skip_building_tests' from command line to 'False'
[0.801s] DEBUG:colcon.colcon_core.verb:Building package 'arucobot_description' with the following arguments: {'ament_cmake_args': None, 'build_base': '/home/akshat/projects/arucobot/src/build/arucobot_description', 'catkin_cmake_args': None, 'catkin_skip_building_tests': False, 'cmake_args': None, 'cmake_clean_cache': False, 'cmake_clean_first': False, 'cmake_force_configure': False, 'cmake_target': None, 'cmake_target_skip_unavailable': False, 'install_base': '/home/akshat/projects/arucobot/src/install/arucobot_description', 'merge_install': False, 'path': '/home/akshat/projects/arucobot/src/arucobot_description', 'symlink_install': True, 'test_result_base': None}
[0.801s] INFO:colcon.colcon_core.executor:Executing jobs using 'parallel' executor
[0.802s] DEBUG:colcon.colcon_parallel_executor.executor.parallel:run_until_complete
[0.803s] INFO:colcon.colcon_ros.task.ament_cmake.build:Building ROS package in '/home/akshat/projects/arucobot/src/arucobot_description' with build type 'ament_cmake'
[0.803s] INFO:colcon.colcon_cmake.task.cmake.build:Building CMake package in '/home/akshat/projects/arucobot/src/arucobot_description'
[0.806s] INFO:colcon.colcon_core.plugin_system:Skipping extension 'colcon_core.shell.bat': Not used on non-Windows systems
[0.807s] INFO:colcon.colcon_core.shell:Skip shell extension 'powershell' for command environment: Not usable outside of PowerShell
[0.807s] DEBUG:colcon.colcon_core.shell:Skip shell extension 'dsv' for command environment
[0.816s] DEBUG:colcon.colcon_core.event_handler.log_command:Invoking command in '/home/akshat/projects/arucobot/src/build/arucobot_description': CMAKE_PREFIX_PATH=${CMAKE_PREFIX_PATH}:/opt/ros/humble /usr/bin/cmake --build /home/akshat/projects/arucobot/src/build/arucobot_description -- -j12 -l12
[0.869s] DEBUG:colcon.colcon_core.event_handler.log_command:Invoked command in '/home/akshat/projects/arucobot/src/build/arucobot_description' returned '0': CMAKE_PREFIX_PATH=${CMAKE_PREFIX_PATH}:/opt/ros/humble /usr/bin/cmake --build /home/akshat/projects/arucobot/src/build/arucobot_description -- -j12 -l12
[0.892s] DEBUG:colcon.colcon_core.event_handler.log_command:Invoking command in '/home/akshat/projects/arucobot/src/build/arucobot_description': CMAKE_PREFIX_PATH=${CMAKE_PREFIX_PATH}:/opt/ros/humble /usr/bin/cmake --install /home/akshat/projects/arucobot/src/build/arucobot_description
[0.910s] Level 1:colcon.colcon_core.environment:create_environment_scripts_only(arucobot_description)
[0.911s] DEBUG:colcon.colcon_core.event_handler.log_command:Invoked command in '/home/akshat/projects/arucobot/src/build/arucobot_description' returned '0': CMAKE_PREFIX_PATH=${CMAKE_PREFIX_PATH}:/opt/ros/humble /usr/bin/cmake --install /home/akshat/projects/arucobot/src/build/arucobot_description
[0.916s] Level 1:colcon.colcon_core.environment:checking '/home/akshat/projects/arucobot/src/install/arucobot_description' for CMake module files
[0.917s] Level 1:colcon.colcon_core.environment:checking '/home/akshat/projects/arucobot/src/install/arucobot_description' for CMake config files
[0.917s] Level 1:colcon.colcon_core.shell:create_environment_hook('arucobot_description', 'cmake_prefix_path')
[0.917s] INFO:colcon.colcon_core.shell:Creating environment hook '/home/akshat/projects/arucobot/src/install/arucobot_description/share/arucobot_description/hook/cmake_prefix_path.ps1'
[0.918s] INFO:colcon.colcon_core.shell:Creating environment descriptor '/home/akshat/projects/arucobot/src/install/arucobot_description/share/arucobot_description/hook/cmake_prefix_path.dsv'
[0.918s] INFO:colcon.colcon_core.shell:Creating environment hook '/home/akshat/projects/arucobot/src/install/arucobot_description/share/arucobot_description/hook/cmake_prefix_path.sh'
[0.919s] Level 1:colcon.colcon_core.environment:checking '/home/akshat/projects/arucobot/src/install/arucobot_description/bin'
[0.919s] Level 1:colcon.colcon_core.environment:checking '/home/akshat/projects/arucobot/src/install/arucobot_description/lib/pkgconfig/arucobot_description.pc'
[0.919s] Level 1:colcon.colcon_core.environment:checking '/home/akshat/projects/arucobot/src/install/arucobot_description/lib/python3.10/site-packages'
[0.920s] Level 1:colcon.colcon_core.environment:checking '/home/akshat/projects/arucobot/src/install/arucobot_description/bin'
[0.920s] INFO:colcon.colcon_core.shell:Creating package script '/home/akshat/projects/arucobot/src/install/arucobot_description/share/arucobot_description/package.ps1'
[0.921s] INFO:colcon.colcon_core.shell:Creating package descriptor '/home/akshat/projects/arucobot/src/install/arucobot_description/share/arucobot_description/package.dsv'
[0.921s] INFO:colcon.colcon_core.shell:Creating package script '/home/akshat/projects/arucobot/src/install/arucobot_description/share/arucobot_description/package.sh'
[0.922s] INFO:colcon.colcon_core.shell:Creating package script '/home/akshat/projects/arucobot/src/install/arucobot_description/share/arucobot_description/package.bash'
[0.923s] INFO:colcon.colcon_core.shell:Creating package script '/home/akshat/projects/arucobot/src/install/arucobot_description/share/arucobot_description/package.zsh'
[0.924s] Level 1:colcon.colcon_core.environment:create_file_with_runtime_dependencies(/home/akshat/projects/arucobot/src/install/arucobot_description/share/colcon-core/packages/arucobot_description)
[0.942s] Level 1:colcon.colcon_core.environment:create_environment_scripts_only(arucobot_description)
[0.943s] Level 1:colcon.colcon_core.environment:checking '/home/akshat/projects/arucobot/src/install/arucobot_description' for CMake module files
[0.943s] Level 1:colcon.colcon_core.environment:checking '/home/akshat/projects/arucobot/src/install/arucobot_description' for CMake config files
[0.943s] Level 1:colcon.colcon_core.shell:create_environment_hook('arucobot_description', 'cmake_prefix_path')
[0.944s] INFO:colcon.colcon_core.shell:Creating environment hook '/home/akshat/projects/arucobot/src/install/arucobot_description/share/arucobot_description/hook/cmake_prefix_path.ps1'
[0.944s] INFO:colcon.colcon_core.shell:Creating environment descriptor '/home/akshat/projects/arucobot/src/install/arucobot_description/share/arucobot_description/hook/cmake_prefix_path.dsv'
[0.945s] INFO:colcon.colcon_core.shell:Creating environment hook '/home/akshat/projects/arucobot/src/install/arucobot_description/share/arucobot_description/hook/cmake_prefix_path.sh'
[0.945s] Level 1:colcon.colcon_core.environment:checking '/home/akshat/projects/arucobot/src/install/arucobot_description/bin'
[0.945s] Level 1:colcon.colcon_core.environment:checking '/home/akshat/projects/arucobot/src/install/arucobot_description/lib/pkgconfig/arucobot_description.pc'
[0.945s] Level 1:colcon.colcon_core.environment:checking '/home/akshat/projects/arucobot/src/install/arucobot_description/lib/python3.10/site-packages'
[0.945s] Level 1:colcon.colcon_core.environment:checking '/home/akshat/projects/arucobot/src/install/arucobot_description/bin'
[0.946s] INFO:colcon.colcon_core.shell:Creating package script '/home/akshat/projects/arucobot/src/install/arucobot_description/share/arucobot_description/package.ps1'
[0.946s] INFO:colcon.colcon_core.shell:Creating package descriptor '/home/akshat/projects/arucobot/src/install/arucobot_description/share/arucobot_description/package.dsv'
[0.946s] INFO:colcon.colcon_core.shell:Creating package script '/home/akshat/projects/arucobot/src/install/arucobot_description/share/arucobot_description/package.sh'
[0.947s] INFO:colcon.colcon_core.shell:Creating package script '/home/akshat/projects/arucobot/src/install/arucobot_description/share/arucobot_description/package.bash'
[0.947s] INFO:colcon.colcon_core.shell:Creating package script '/home/akshat/projects/arucobot/src/install/arucobot_description/share/arucobot_description/package.zsh'
[0.947s] Level 1:colcon.colcon_core.environment:create_file_with_runtime_dependencies(/home/akshat/projects/arucobot/src/install/arucobot_description/share/colcon-core/packages/arucobot_description)
[0.947s] DEBUG:colcon.colcon_parallel_executor.executor.parallel:closing loop
[0.948s] DEBUG:colcon.colcon_parallel_executor.executor.parallel:loop closed
[0.948s] DEBUG:colcon.colcon_parallel_executor.executor.parallel:run_until_complete finished with '0'
[0.948s] DEBUG:colcon.colcon_core.event_reactor:joining thread
[0.956s] INFO:colcon.colcon_core.plugin_system:Skipping extension 'colcon_notification.desktop_notification.terminal_notifier': Not used on non-Darwin systems
[0.956s] INFO:colcon.colcon_core.plugin_system:Skipping extension 'colcon_notification.desktop_notification.win32': Not used on non-Windows systems
[0.956s] INFO:colcon.colcon_notification.desktop_notification:Sending desktop notification using 'notify2'
[0.972s] DEBUG:colcon.colcon_core.event_reactor:joined thread
[0.973s] INFO:colcon.colcon_core.shell:Creating prefix script '/home/akshat/projects/arucobot/src/install/local_setup.ps1'
[0.974s] INFO:colcon.colcon_core.shell:Creating prefix util module '/home/akshat/projects/arucobot/src/install/_local_setup_util_ps1.py'
[0.976s] INFO:colcon.colcon_core.shell:Creating prefix chain script '/home/akshat/projects/arucobot/src/install/setup.ps1'
[0.977s] INFO:colcon.colcon_core.shell:Creating prefix script '/home/akshat/projects/arucobot/src/install/local_setup.sh'
[0.977s] INFO:colcon.colcon_core.shell:Creating prefix util module '/home/akshat/projects/arucobot/src/install/_local_setup_util_sh.py'
[0.977s] INFO:colcon.colcon_core.shell:Creating prefix chain script '/home/akshat/projects/arucobot/src/install/setup.sh'
[0.979s] INFO:colcon.colcon_core.shell:Creating prefix script '/home/akshat/projects/arucobot/src/install/local_setup.bash'
[0.979s] INFO:colcon.colcon_core.shell:Creating prefix chain script '/home/akshat/projects/arucobot/src/install/setup.bash'
[0.980s] INFO:colcon.colcon_core.shell:Creating prefix script '/home/akshat/projects/arucobot/src/install/local_setup.zsh'
[0.980s] INFO:colcon.colcon_core.shell:Creating prefix chain script '/home/akshat/projects/arucobot/src/install/setup.zsh'
