[0.012s] Invoking command in '/home/akshat/projects/arucobot/src/build/arucobot_description': CMAKE_PREFIX_PATH=${CMAKE_PREFIX_PATH}:/opt/ros/humble /usr/bin/cmake /home/akshat/projects/arucobot/src/arucobot_description -DAMENT_CMAKE_SYMLINK_INSTALL=1 -DCMAKE_INSTALL_PREFIX=/home/akshat/projects/arucobot/src/install/arucobot_description
[0.127s] -- The C compiler identification is GNU 11.4.0
[0.209s] -- The CXX compiler identification is GNU 11.4.0
[0.222s] -- Detecting C compiler ABI info
[0.289s] -- Detecting C compiler ABI info - done
[0.296s] -- Check for working C compiler: /usr/bin/cc - skipped
[0.297s] -- Detecting C compile features
[0.297s] -- Detecting C compile features - done
[0.301s] -- Detecting CXX compiler ABI info
[0.377s] -- Detecting CXX compiler ABI info - done
[0.385s] -- Check for working CXX compiler: /usr/bin/c++ - skipped
[0.385s] -- Detecting CXX compile features
[0.385s] -- Detecting CXX compile features - done
[0.395s] -- Found ament_cmake: 1.3.10 (/opt/ros/humble/share/ament_cmake/cmake)
[0.523s] -- Found Python3: /usr/bin/python3 (found version "3.10.12") found components: Interpreter 
[0.587s] -- Override CMake install command with custom implementation using symlinks instead of copying resources
[0.632s] -- Found ament_lint_auto: 0.12.11 (/opt/ros/humble/share/ament_lint_auto/cmake)
[0.725s] -- Added test 'flake8' to check Python code syntax and style conventions
[0.726s] -- Added test 'lint_cmake' to check CMake code style
[0.727s] -- Added test 'pep257' to check Python code against some of the docstring style conventions in PEP 257
[0.728s] -- Added test 'xmllint' to check XML markup files
[0.731s] -- Configuring done
[0.734s] -- Generating done
[0.735s] -- Build files have been written to: /home/akshat/projects/arucobot/src/build/arucobot_description
[0.740s] Invoked command in '/home/akshat/projects/arucobot/src/build/arucobot_description' returned '0': CMAKE_PREFIX_PATH=${CMAKE_PREFIX_PATH}:/opt/ros/humble /usr/bin/cmake /home/akshat/projects/arucobot/src/arucobot_description -DAMENT_CMAKE_SYMLINK_INSTALL=1 -DCMAKE_INSTALL_PREFIX=/home/akshat/projects/arucobot/src/install/arucobot_description
[0.742s] Invoking command in '/home/akshat/projects/arucobot/src/build/arucobot_description': CMAKE_PREFIX_PATH=${CMAKE_PREFIX_PATH}:/opt/ros/humble /usr/bin/cmake --build /home/akshat/projects/arucobot/src/build/arucobot_description -- -j12 -l12
[0.762s] Invoked command in '/home/akshat/projects/arucobot/src/build/arucobot_description' returned '0': CMAKE_PREFIX_PATH=${CMAKE_PREFIX_PATH}:/opt/ros/humble /usr/bin/cmake --build /home/akshat/projects/arucobot/src/build/arucobot_description -- -j12 -l12
[0.786s] Invoking command in '/home/akshat/projects/arucobot/src/build/arucobot_description': CMAKE_PREFIX_PATH=${CMAKE_PREFIX_PATH}:/opt/ros/humble /usr/bin/cmake --install /home/akshat/projects/arucobot/src/build/arucobot_description
[0.789s] -- Install configuration: ""
[0.790s] -- Execute custom install script
[0.790s] -- Symlinking: /home/akshat/projects/arucobot/src/install/arucobot_description/share/arucobot_description/config/display.rviz
[0.794s] -- Symlinking: /home/akshat/projects/arucobot/src/install/arucobot_description/share/arucobot_description/config/gz_bridge.yaml
[0.799s] -- Symlinking: /home/akshat/projects/arucobot/src/install/arucobot_description/share/arucobot_description/launch/arucobot.launch.py
[0.802s] -- Symlinking: /home/akshat/projects/arucobot/src/install/arucobot_description/share/arucobot_description/launch/robot.launch.py
[0.807s] -- Symlinking: /home/akshat/projects/arucobot/src/install/arucobot_description/share/arucobot_description/urdf/gazebo_control.xacro
[0.811s] -- Symlinking: /home/akshat/projects/arucobot/src/install/arucobot_description/share/arucobot_description/urdf/inertial_macros.xacro
[0.815s] -- Symlinking: /home/akshat/projects/arucobot/src/install/arucobot_description/share/arucobot_description/urdf/robot.urdf.xacro
[0.820s] -- Symlinking: /home/akshat/projects/arucobot/src/install/arucobot_description/share/arucobot_description/urdf/robot_core.xacro
[0.826s] -- Symlinking: /home/akshat/projects/arucobot/src/install/arucobot_description/share/ament_index/resource_index/package_run_dependencies/arucobot_description
[0.831s] -- Symlinking: /home/akshat/projects/arucobot/src/install/arucobot_description/share/ament_index/resource_index/parent_prefix_path/arucobot_description
[0.837s] -- Symlinking: /home/akshat/projects/arucobot/src/install/arucobot_description/share/arucobot_description/environment/ament_prefix_path.sh
[0.842s] -- Symlinking: /home/akshat/projects/arucobot/src/install/arucobot_description/share/arucobot_description/environment/ament_prefix_path.dsv
[0.847s] -- Symlinking: /home/akshat/projects/arucobot/src/install/arucobot_description/share/arucobot_description/environment/path.sh
[0.852s] -- Symlinking: /home/akshat/projects/arucobot/src/install/arucobot_description/share/arucobot_description/environment/path.dsv
[0.856s] -- Symlinking: /home/akshat/projects/arucobot/src/install/arucobot_description/share/arucobot_description/local_setup.bash
[0.860s] -- Symlinking: /home/akshat/projects/arucobot/src/install/arucobot_description/share/arucobot_description/local_setup.sh
[0.865s] -- Symlinking: /home/akshat/projects/arucobot/src/install/arucobot_description/share/arucobot_description/local_setup.zsh
[0.870s] -- Symlinking: /home/akshat/projects/arucobot/src/install/arucobot_description/share/arucobot_description/local_setup.dsv
[0.876s] -- Symlinking: /home/akshat/projects/arucobot/src/install/arucobot_description/share/arucobot_description/package.dsv
[0.882s] -- Symlinking: /home/akshat/projects/arucobot/src/install/arucobot_description/share/ament_index/resource_index/packages/arucobot_description
[0.887s] -- Symlinking: /home/akshat/projects/arucobot/src/install/arucobot_description/share/arucobot_description/cmake/arucobot_descriptionConfig.cmake
[0.892s] -- Symlinking: /home/akshat/projects/arucobot/src/install/arucobot_description/share/arucobot_description/cmake/arucobot_descriptionConfig-version.cmake
[0.896s] -- Symlinking: /home/akshat/projects/arucobot/src/install/arucobot_description/share/arucobot_description/package.xml
[0.903s] Invoked command in '/home/akshat/projects/arucobot/src/build/arucobot_description' returned '0': CMAKE_PREFIX_PATH=${CMAKE_PREFIX_PATH}:/opt/ros/humble /usr/bin/cmake --install /home/akshat/projects/arucobot/src/build/arucobot_description
