[0.013s] Invoking command in '/home/akshat/projects/arucobot/src/build/arucobot_description': CMAKE_PREFIX_PATH=${CMAKE_PREFIX_PATH}:/opt/ros/humble /usr/bin/cmake /home/akshat/projects/arucobot/src/arucobot_description -DAMENT_CMAKE_SYMLINK_INSTALL=1 -DCMAKE_INSTALL_PREFIX=/home/akshat/projects/arucobot/src/install/arucobot_description
[0.127s] -- The C compiler identification is GNU 11.4.0
[0.215s] -- The CXX compiler identification is GNU 11.4.0
[0.227s] -- Detecting C compiler ABI info
[0.292s] -- Detecting C compiler ABI info - done
[0.299s] -- Check for working C compiler: /usr/bin/cc - skipped
[0.299s] -- Detecting C compile features
[0.300s] -- Detecting C compile features - done
[0.303s] -- Detecting CXX compiler ABI info
[0.380s] -- Detecting CXX compiler ABI info - done
[0.388s] -- Check for working CXX compiler: /usr/bin/c++ - skipped
[0.388s] -- Detecting CXX compile features
[0.388s] -- Detecting CXX compile features - done
[0.393s] -- Found ament_cmake: 1.3.10 (/opt/ros/humble/share/ament_cmake/cmake)
[0.521s] -- Found Python3: /usr/bin/python3 (found version "3.10.12") found components: Interpreter 
[0.582s] -- Override CMake install command with custom implementation using symlinks instead of copying resources
[0.626s] -- Found ament_lint_auto: 0.12.11 (/opt/ros/humble/share/ament_lint_auto/cmake)
[0.732s] -- Added test 'flake8' to check Python code syntax and style conventions
[0.733s] -- Added test 'lint_cmake' to check CMake code style
[0.733s] -- Added test 'pep257' to check Python code against some of the docstring style conventions in PEP 257
[0.735s] -- Added test 'xmllint' to check XML markup files
[0.737s] -- Configuring done
[0.741s] -- Generating done
[0.742s] -- Build files have been written to: /home/akshat/projects/arucobot/src/build/arucobot_description
[0.747s] Invoked command in '/home/akshat/projects/arucobot/src/build/arucobot_description' returned '0': CMAKE_PREFIX_PATH=${CMAKE_PREFIX_PATH}:/opt/ros/humble /usr/bin/cmake /home/akshat/projects/arucobot/src/arucobot_description -DAMENT_CMAKE_SYMLINK_INSTALL=1 -DCMAKE_INSTALL_PREFIX=/home/akshat/projects/arucobot/src/install/arucobot_description
[0.750s] Invoking command in '/home/akshat/projects/arucobot/src/build/arucobot_description': CMAKE_PREFIX_PATH=${CMAKE_PREFIX_PATH}:/opt/ros/humble /usr/bin/cmake --build /home/akshat/projects/arucobot/src/build/arucobot_description -- -j12 -l12
[0.772s] Invoked command in '/home/akshat/projects/arucobot/src/build/arucobot_description' returned '0': CMAKE_PREFIX_PATH=${CMAKE_PREFIX_PATH}:/opt/ros/humble /usr/bin/cmake --build /home/akshat/projects/arucobot/src/build/arucobot_description -- -j12 -l12
[0.794s] Invoking command in '/home/akshat/projects/arucobot/src/build/arucobot_description': CMAKE_PREFIX_PATH=${CMAKE_PREFIX_PATH}:/opt/ros/humble /usr/bin/cmake --install /home/akshat/projects/arucobot/src/build/arucobot_description
[0.797s] -- Install configuration: ""
[0.798s] -- Execute custom install script
[0.798s] -- Symlinking: /home/akshat/projects/arucobot/src/install/arucobot_description/share/arucobot_description/config/display.rviz
[0.802s] -- Symlinking: /home/akshat/projects/arucobot/src/install/arucobot_description/share/arucobot_description/config/gz_bridge.yaml
[0.807s] -- Symlinking: /home/akshat/projects/arucobot/src/install/arucobot_description/share/arucobot_description/launch/arucobot.launch.py
[0.811s] -- Symlinking: /home/akshat/projects/arucobot/src/install/arucobot_description/share/arucobot_description/launch/robot.launch.py
[0.815s] -- Symlinking: /home/akshat/projects/arucobot/src/install/arucobot_description/share/arucobot_description/urdf/gazebo_control.xacro
[0.820s] -- Symlinking: /home/akshat/projects/arucobot/src/install/arucobot_description/share/arucobot_description/urdf/inertial_macros.xacro
[0.824s] -- Symlinking: /home/akshat/projects/arucobot/src/install/arucobot_description/share/arucobot_description/urdf/materials.xacro
[0.828s] -- Symlinking: /home/akshat/projects/arucobot/src/install/arucobot_description/share/arucobot_description/urdf/robot.urdf.xacro
[0.833s] -- Symlinking: /home/akshat/projects/arucobot/src/install/arucobot_description/share/arucobot_description/urdf/robot_core.xacro
[0.837s] -- Symlinking: /home/akshat/projects/arucobot/src/install/arucobot_description/share/arucobot_description/worlds/new.sdf
[0.841s] -- Symlinking: /home/akshat/projects/arucobot/src/install/arucobot_description/share/arucobot_description/worlds/new2.sdf
[0.845s] -- Symlinking: /home/akshat/projects/arucobot/src/install/arucobot_description/share/arucobot_description/worlds/world.sdf
[0.849s] -- Symlinking: /home/akshat/projects/arucobot/src/install/arucobot_description/share/ament_index/resource_index/package_run_dependencies/arucobot_description
[0.854s] -- Symlinking: /home/akshat/projects/arucobot/src/install/arucobot_description/share/ament_index/resource_index/parent_prefix_path/arucobot_description
[0.858s] -- Symlinking: /home/akshat/projects/arucobot/src/install/arucobot_description/share/arucobot_description/environment/ament_prefix_path.sh
[0.862s] -- Symlinking: /home/akshat/projects/arucobot/src/install/arucobot_description/share/arucobot_description/environment/ament_prefix_path.dsv
[0.866s] -- Symlinking: /home/akshat/projects/arucobot/src/install/arucobot_description/share/arucobot_description/environment/path.sh
[0.870s] -- Symlinking: /home/akshat/projects/arucobot/src/install/arucobot_description/share/arucobot_description/environment/path.dsv
[0.874s] -- Symlinking: /home/akshat/projects/arucobot/src/install/arucobot_description/share/arucobot_description/local_setup.bash
[0.878s] -- Symlinking: /home/akshat/projects/arucobot/src/install/arucobot_description/share/arucobot_description/local_setup.sh
[0.883s] -- Symlinking: /home/akshat/projects/arucobot/src/install/arucobot_description/share/arucobot_description/local_setup.zsh
[0.887s] -- Symlinking: /home/akshat/projects/arucobot/src/install/arucobot_description/share/arucobot_description/local_setup.dsv
[0.891s] -- Symlinking: /home/akshat/projects/arucobot/src/install/arucobot_description/share/arucobot_description/package.dsv
[0.895s] -- Symlinking: /home/akshat/projects/arucobot/src/install/arucobot_description/share/ament_index/resource_index/packages/arucobot_description
[0.899s] -- Symlinking: /home/akshat/projects/arucobot/src/install/arucobot_description/share/arucobot_description/cmake/arucobot_descriptionConfig.cmake
[0.903s] -- Symlinking: /home/akshat/projects/arucobot/src/install/arucobot_description/share/arucobot_description/cmake/arucobot_descriptionConfig-version.cmake
[0.907s] -- Symlinking: /home/akshat/projects/arucobot/src/install/arucobot_description/share/arucobot_description/package.xml
[0.913s] Invoked command in '/home/akshat/projects/arucobot/src/build/arucobot_description' returned '0': CMAKE_PREFIX_PATH=${CMAKE_PREFIX_PATH}:/opt/ros/humble /usr/bin/cmake --install /home/akshat/projects/arucobot/src/build/arucobot_description
